<?xml version="1.0" encoding="UTF-8"?>
<testsuite xmlns:xsi="http://www.w3.org/2001/XMLSchema-instance" xsi:noNamespaceSchemaLocation="https://maven.apache.org/surefire/maven-surefire-plugin/xsd/surefire-test-report.xsd" name="retailapp.controllers.RetailAppRestControllerTest" time="11.297" tests="4" errors="0" skipped="0" failures="0">
  <properties>
[...]
</properties>
  <testcase name="testGetItemQueryId" classname="retailapp.controllers.RetailAppRestControllerTest" time="0.094"/>
  <testcase name="testGetItem" classname="retailapp.controllers.RetailAppRestControllerTest" time="0.007"/>
  <testcase name="testGetItemQueryIdThrowsItemNotFoundException" classname="retailapp.controllers.RetailAppRestControllerTest" time="0.011"/>
  <testcase name="testInsertProduct" classname="retailapp.controllers.RetailAppRestControllerTest" time="0.027"/>
</testsuite>